0 silly argv {
0 silly argv   _: [ 'publish' ],
0 silly argv   push: false,
0 silly argv   composed: 'publish',
0 silly argv   lernaVersion: '3.22.1',
0 silly argv   '$0': 'lerna'
0 silly argv }
1 notice cli v3.22.1
2 verbose rootPath /Users/krzysztof/sei/projects/jbook
3 verbose session 411c1bd36a4b1e99
4 verbose user-agent lerna/3.22.1/node@v14.17.1+x64 (darwin)
5 silly argv {
5 silly argv   _: [ 'publish' ],
5 silly argv   push: false,
5 silly argv   composed: 'publish',
5 silly argv   lernaVersion: '3.22.1'
5 silly argv }
6 verbose rootPath /Users/krzysztof/sei/projects/jbook
7 info current version 0.0.0
8 silly isAnythingCommitted
9 verbose isAnythingCommitted 1
10 silly currentBranch
11 verbose currentBranch Production
12 silly hasTags
13 verbose hasTags false
14 info Assuming all packages changed
15 verbose updated jscells
16 verbose updated @jscells/local-api
17 verbose updated @jscells/local-client
18 verbose git-describe undefined => "558f389"
19 silly git-describe parsed => {"refCount":"20","sha":"558f389","isDirty":false}
20 info execute Skipping git push
21 info execute Skipping releases
22 silly lifecycle No script for "preversion" in "root", continuing
23 silly lifecycle No script for "preversion" in "@jscells/local-client", continuing
24 silly lifecycle No script for "version" in "@jscells/local-client", continuing
25 silly lifecycle No script for "preversion" in "@jscells/local-api", continuing
26 silly lifecycle No script for "version" in "@jscells/local-api", continuing
27 silly lifecycle No script for "preversion" in "jscells", continuing
28 silly lifecycle No script for "version" in "jscells", continuing
29 silly lifecycle No script for "version" in "root", continuing
30 silly gitAdd [
30 silly gitAdd   'packages/local-client/package.json',
30 silly gitAdd   'packages/local-client/package-lock.json',
30 silly gitAdd   'packages/local-api/package.json',
30 silly gitAdd   'packages/local-api/package-lock.json',
30 silly gitAdd   'packages/cli/package.json',
30 silly gitAdd   'packages/cli/package-lock.json',
30 silly gitAdd   'lerna.json'
30 silly gitAdd ]
31 silly gitCommit v1.0.0
32 verbose git [ 'commit', '-m', 'v1.0.0' ]
33 silly gitTag v1.0.0
34 verbose git [ 'tag', 'v1.0.0', '-m', 'v1.0.0' ]
35 silly lifecycle No script for "postversion" in "jscells", continuing
36 silly lifecycle No script for "postversion" in "@jscells/local-api", continuing
37 silly lifecycle No script for "postversion" in "@jscells/local-client", continuing
38 silly lifecycle No script for "postversion" in "root", continuing
39 info publish Publishing packages to npm...
40 info Verifying npm credentials
41 verbose Retrieving npm user profile
42 http fetch GET 200 https://registry.npmjs.org/-/npm/v1/user 979ms
43 silly npm profile get received {"tfa":false,"name":"chriskcarr","email":"ccarr042@gmail.com","email_verified":true,"created":"2019-09-23T20:02:47.642Z","updated":"2021-12-05T14:52:09.406Z","cidr_whitelist":null,"fullname":"Christopher"}
44 silly get npm username received {"username":"chriskcarr","tfa":false,"name":"chriskcarr","email":"ccarr042@gmail.com","email_verified":true,"created":"2019-09-23T20:02:47.642Z","updated":"2021-12-05T14:52:09.406Z","cidr_whitelist":null,"fullname":"Christopher"}
45 silly verifyNpmPackageAccess
46 http fetch GET 200 https://registry.npmjs.org/-/org/chriskcarr/package?format=cli 620ms
47 info Checking two-factor auth mode
48 verbose Retrieving npm user profile
49 http fetch GET 200 https://registry.npmjs.org/-/npm/v1/user 357ms
50 silly npm profile get received {"tfa":false,"name":"chriskcarr","email":"ccarr042@gmail.com","email_verified":true,"created":"2019-09-23T20:02:47.642Z","updated":"2021-12-05T14:52:09.406Z","cidr_whitelist":null,"fullname":"Christopher"}
51 silly 2FA false
52 warn ENOLICENSE Packages jscells, @jscells/local-api, and @jscells/local-client are missing a license.
52 warn ENOLICENSE One way to fix this is to add a LICENSE.md file to the root of this repository.
52 warn ENOLICENSE See https://choosealicense.com for additional guidance.
53 silly getCurrentSHA
54 verbose getCurrentSHA ec2a05c067aa74552ea8ae01074e06f2d50dd02a
55 silly lifecycle No script for "prepublish" in "root", continuing
56 silly lifecycle No script for "prepare" in "root", continuing
57 silly lifecycle No script for "prepublishOnly" in "root", continuing
58 silly lifecycle No script for "prepack" in "root", continuing
59 verbose pack-directory packages/local-client
60 silly lifecycle No script for "prepublish" in "@jscells/local-client", continuing
61 silly lifecycle No script for "prepare" in "@jscells/local-client", continuing
62 silly lifecycle "prepublishOnly" starting in "@jscells/local-client"
63 info lifecycle @jscells/local-client@1.0.0~prepublishOnly: @jscells/local-client@1.0.0
64 verbose lifecycle @jscells/local-client@1.0.0~prepublishOnly: unsafe-perm in lifecycle true
65 verbose lifecycle @jscells/local-client@1.0.0~prepublishOnly: PATH: /usr/local/lib/node_modules/lerna/node_modules/npm-lifecycle/node-gyp-bin:/Users/krzysztof/sei/projects/jbook/packages/local-client/node_modules/.bin:/usr/local/bin:/usr/bin:/bin:/usr/sbin:/sbin:/opt/X11/bin:/Library/Frameworks/Mono.framework/Versions/Current/Commands:/Applications/Postgres.app/Contents/Versions/latest/bin
66 verbose lifecycle @jscells/local-client@1.0.0~prepublishOnly: CWD: /Users/krzysztof/sei/projects/jbook/packages/local-client
67 silly lifecycle @jscells/local-client@1.0.0~prepublishOnly: Args: [ '-c', 'npm run build' ]
68 silly lifecycle @jscells/local-client@1.0.0~prepublishOnly: Returned: code: 0  signal: null
69 silly lifecycle "prepublishOnly" finished in "@jscells/local-client"
70 silly lifecycle No script for "prepack" in "@jscells/local-client", continuing
71 silly lifecycle No script for "postpack" in "@jscells/local-client", continuing
72 verbose packed packages/local-client
73 verbose pack-directory packages/cli
74 verbose pack-directory packages/local-api
75 silly lifecycle No script for "prepublish" in "jscells", continuing
76 silly lifecycle No script for "prepublish" in "@jscells/local-api", continuing
77 silly lifecycle No script for "prepare" in "jscells", continuing
78 silly lifecycle No script for "prepare" in "@jscells/local-api", continuing
79 silly lifecycle "prepublishOnly" starting in "jscells"
80 info lifecycle jscells@1.0.0~prepublishOnly: jscells@1.0.0
81 verbose lifecycle jscells@1.0.0~prepublishOnly: unsafe-perm in lifecycle true
82 verbose lifecycle jscells@1.0.0~prepublishOnly: PATH: /usr/local/lib/node_modules/lerna/node_modules/npm-lifecycle/node-gyp-bin:/Users/krzysztof/sei/projects/jbook/packages/cli/node_modules/.bin:/usr/local/bin:/usr/bin:/bin:/usr/sbin:/sbin:/opt/X11/bin:/Library/Frameworks/Mono.framework/Versions/Current/Commands:/Applications/Postgres.app/Contents/Versions/latest/bin
83 verbose lifecycle jscells@1.0.0~prepublishOnly: CWD: /Users/krzysztof/sei/projects/jbook/packages/cli
84 silly lifecycle jscells@1.0.0~prepublishOnly: Args: [
84 silly lifecycle   '-c',
84 silly lifecycle   'esbuild src/index.ts --platform=node --outfile=dist/index.js --bundle --minify --define:process.env.NODE_ENV=\\"production\\"'
84 silly lifecycle ]
85 silly lifecycle "prepublishOnly" starting in "@jscells/local-api"
86 info lifecycle @jscells/local-api@1.0.0~prepublishOnly: @jscells/local-api@1.0.0
87 silly lifecycle jscells@1.0.0~prepublishOnly: Returned: code: 0  signal: null
88 verbose lifecycle @jscells/local-api@1.0.0~prepublishOnly: unsafe-perm in lifecycle true
89 verbose lifecycle @jscells/local-api@1.0.0~prepublishOnly: PATH: /usr/local/lib/node_modules/lerna/node_modules/npm-lifecycle/node-gyp-bin:/Users/krzysztof/sei/projects/jbook/packages/local-api/node_modules/.bin:/usr/local/bin:/usr/bin:/bin:/usr/sbin:/sbin:/opt/X11/bin:/Library/Frameworks/Mono.framework/Versions/Current/Commands:/Applications/Postgres.app/Contents/Versions/latest/bin
90 verbose lifecycle @jscells/local-api@1.0.0~prepublishOnly: CWD: /Users/krzysztof/sei/projects/jbook/packages/local-api
91 silly lifecycle @jscells/local-api@1.0.0~prepublishOnly: Args: [ '-c', 'tsc' ]
92 silly lifecycle "prepublishOnly" finished in "jscells"
93 silly lifecycle No script for "prepack" in "jscells", continuing
94 error ZlibError: zlib: invalid block type
94 error     at Unzip.write (/usr/local/lib/node_modules/lerna/node_modules/minizlib/index.js:147:22)
94 error     at Object.write (/usr/local/lib/node_modules/lerna/node_modules/tar/lib/parse.js:305:58)
94 error     at Yallist.<anonymous> (/usr/local/lib/node_modules/lerna/node_modules/minipass/index.js:374:18)
94 error     at Yallist.forEach (/usr/local/lib/node_modules/lerna/node_modules/yallist/yallist.js:156:8)
94 error     at ReadStream.emit (/usr/local/lib/node_modules/lerna/node_modules/minipass/index.js:373:20)
94 error     at ReadStream.emit (/usr/local/lib/node_modules/lerna/node_modules/fs-minipass/index.js:154:22)
94 error     at ReadStream.write (/usr/local/lib/node_modules/lerna/node_modules/minipass/index.js:163:17)
94 error     at ReadStream.[_handleChunk] (/usr/local/lib/node_modules/lerna/node_modules/fs-minipass/index.js:131:19)
94 error     at ReadStream.[_onread] (/usr/local/lib/node_modules/lerna/node_modules/fs-minipass/index.js:109:32)
94 error     at /usr/local/lib/node_modules/lerna/node_modules/fs-minipass/index.js:101:22
